<?xml version="1.0" encoding="UTF-8"?>
<robot generator="Robot 6.1.1 (Python 3.12.0 on win32)" generated="20231113 14:44:06.756" rpa="false" schemaversion="4">
<suite id="s1" name="Tests" source="C:\school\Ohjelmistotuotanto-2024-syksy\palautusrepositorio\viikko3\web-login\src\tests">
<suite id="s1-s1" name="Home" source="C:\school\Ohjelmistotuotanto-2024-syksy\palautusrepositorio\viikko3\web-login\src\tests\home.robot">
<kw name="Open And Configure Browser" library="resource" type="SETUP">
<kw name="Evaluate" library="BuiltIn">
<var>${options}</var>
<arg>sys.modules['selenium.webdriver'].ChromeOptions()</arg>
<arg>sys</arg>
<doc>Evaluates the given expression in Python and returns the result.</doc>
<msg timestamp="20231113 14:44:09.096" level="INFO">${options} = &lt;selenium.webdriver.chrome.options.Options object at 0x00000211AB16C830&gt;</msg>
<status status="PASS" starttime="20231113 14:44:09.096" endtime="20231113 14:44:09.096"/>
</kw>
<kw name="Call Method" library="BuiltIn">
<arg>${options}</arg>
<arg>add_argument</arg>
<arg>--no-sandbox</arg>
<doc>Calls the named method of the given object with the provided arguments.</doc>
<status status="PASS" starttime="20231113 14:44:09.096" endtime="20231113 14:44:09.097"/>
</kw>
<kw name="Call Method" library="BuiltIn">
<arg>${options}</arg>
<arg>add_argument</arg>
<arg>--headless</arg>
<doc>Calls the named method of the given object with the provided arguments.</doc>
<status status="PASS" starttime="20231113 14:44:09.097" endtime="20231113 14:44:09.097"/>
</kw>
<kw name="Open Browser" library="SeleniumLibrary">
<arg>browser=chrome</arg>
<arg>options=${options}</arg>
<doc>Opens a new browser instance to the optional ``url``.</doc>
<msg timestamp="20231113 14:44:09.097" level="INFO">Opening browser 'chrome' to base url 'None'.</msg>
<status status="PASS" starttime="20231113 14:44:09.097" endtime="20231113 14:44:12.746"/>
</kw>
<kw name="Set Selenium Speed" library="SeleniumLibrary">
<arg>${DELAY}</arg>
<doc>Sets the delay that is waited after each Selenium command.</doc>
<status status="PASS" starttime="20231113 14:44:12.746" endtime="20231113 14:44:12.747"/>
</kw>
<status status="PASS" starttime="20231113 14:44:09.096" endtime="20231113 14:44:12.747"/>
</kw>
<test id="s1-s1-t1" name="Click Login Link" line="8">
<kw name="Go To Main Page" library="resource" type="SETUP">
<kw name="Go To" library="SeleniumLibrary">
<arg>${HOME_URL}</arg>
<doc>Navigates the current browser window to the provided ``url``.</doc>
<msg timestamp="20231113 14:44:12.748" level="INFO">Opening url 'http://localhost:5001'</msg>
<status status="PASS" starttime="20231113 14:44:12.748" endtime="20231113 14:44:13.146"/>
</kw>
<status status="PASS" starttime="20231113 14:44:12.748" endtime="20231113 14:44:13.146"/>
</kw>
<kw name="Click Link" library="SeleniumLibrary">
<arg>Login</arg>
<doc>Clicks a link identified by ``locator``.</doc>
<msg timestamp="20231113 14:44:13.147" level="INFO">Clicking link 'Login'.</msg>
<status status="PASS" starttime="20231113 14:44:13.147" endtime="20231113 14:44:13.394"/>
</kw>
<kw name="Login Page Should Be Open" library="resource">
<kw name="Title Should Be" library="SeleniumLibrary">
<arg>Login</arg>
<doc>Verifies that the current page title equals ``title``.</doc>
<msg timestamp="20231113 14:44:13.399" level="INFO">Page title is 'Login'.</msg>
<status status="PASS" starttime="20231113 14:44:13.395" endtime="20231113 14:44:13.399"/>
</kw>
<status status="PASS" starttime="20231113 14:44:13.395" endtime="20231113 14:44:13.399"/>
</kw>
<status status="PASS" starttime="20231113 14:44:12.747" endtime="20231113 14:44:13.399"/>
</test>
<test id="s1-s1-t2" name="Click Register Link" line="12">
<kw name="Go To Main Page" library="resource" type="SETUP">
<kw name="Go To" library="SeleniumLibrary">
<arg>${HOME_URL}</arg>
<doc>Navigates the current browser window to the provided ``url``.</doc>
<msg timestamp="20231113 14:44:13.401" level="INFO">Opening url 'http://localhost:5001'</msg>
<status status="PASS" starttime="20231113 14:44:13.401" endtime="20231113 14:44:13.518"/>
</kw>
<status status="PASS" starttime="20231113 14:44:13.401" endtime="20231113 14:44:13.518"/>
</kw>
<kw name="Click Link" library="SeleniumLibrary">
<arg>Register new user</arg>
<doc>Clicks a link identified by ``locator``.</doc>
<msg timestamp="20231113 14:44:13.519" level="INFO">Clicking link 'Register new user'.</msg>
<status status="PASS" starttime="20231113 14:44:13.519" endtime="20231113 14:44:13.720"/>
</kw>
<kw name="Register Page Should Be Open" library="resource">
<kw name="Title Should Be" library="SeleniumLibrary">
<arg>Register</arg>
<doc>Verifies that the current page title equals ``title``.</doc>
<msg timestamp="20231113 14:44:13.725" level="INFO">Page title is 'Register'.</msg>
<status status="PASS" starttime="20231113 14:44:13.721" endtime="20231113 14:44:13.726"/>
</kw>
<status status="PASS" starttime="20231113 14:44:13.721" endtime="20231113 14:44:13.726"/>
</kw>
<status status="PASS" starttime="20231113 14:44:13.400" endtime="20231113 14:44:13.726"/>
</test>
<kw name="Close Browser" library="SeleniumLibrary" type="TEARDOWN">
<doc>Closes the current browser.</doc>
<status status="PASS" starttime="20231113 14:44:13.727" endtime="20231113 14:44:15.820"/>
</kw>
<status status="PASS" starttime="20231113 14:44:06.784" endtime="20231113 14:44:15.820"/>
</suite>
<suite id="s1-s2" name="Login" source="C:\school\Ohjelmistotuotanto-2024-syksy\palautusrepositorio\viikko3\web-login\src\tests\login.robot">
<kw name="Open And Configure Browser" library="resource" type="SETUP">
<kw name="Evaluate" library="BuiltIn">
<var>${options}</var>
<arg>sys.modules['selenium.webdriver'].ChromeOptions()</arg>
<arg>sys</arg>
<doc>Evaluates the given expression in Python and returns the result.</doc>
<msg timestamp="20231113 14:44:15.827" level="INFO">${options} = &lt;selenium.webdriver.chrome.options.Options object at 0x00000211AB19E5D0&gt;</msg>
<status status="PASS" starttime="20231113 14:44:15.827" endtime="20231113 14:44:15.827"/>
</kw>
<kw name="Call Method" library="BuiltIn">
<arg>${options}</arg>
<arg>add_argument</arg>
<arg>--no-sandbox</arg>
<doc>Calls the named method of the given object with the provided arguments.</doc>
<status status="PASS" starttime="20231113 14:44:15.827" endtime="20231113 14:44:15.828"/>
</kw>
<kw name="Call Method" library="BuiltIn">
<arg>${options}</arg>
<arg>add_argument</arg>
<arg>--headless</arg>
<doc>Calls the named method of the given object with the provided arguments.</doc>
<status status="PASS" starttime="20231113 14:44:15.828" endtime="20231113 14:44:15.828"/>
</kw>
<kw name="Open Browser" library="SeleniumLibrary">
<arg>browser=chrome</arg>
<arg>options=${options}</arg>
<doc>Opens a new browser instance to the optional ``url``.</doc>
<msg timestamp="20231113 14:44:15.828" level="INFO">Opening browser 'chrome' to base url 'None'.</msg>
<status status="PASS" starttime="20231113 14:44:15.828" endtime="20231113 14:44:19.442"/>
</kw>
<kw name="Set Selenium Speed" library="SeleniumLibrary">
<arg>${DELAY}</arg>
<doc>Sets the delay that is waited after each Selenium command.</doc>
<status status="PASS" starttime="20231113 14:44:19.442" endtime="20231113 14:44:19.443"/>
</kw>
<status status="PASS" starttime="20231113 14:44:15.827" endtime="20231113 14:44:19.443"/>
</kw>
<test id="s1-s2-t1" name="Login With Correct Credentials" line="8">
<kw name="Create User And Go To Login Page" type="SETUP">
<kw name="Create User" library="AppLibrary">
<arg>kalle</arg>
<arg>kalle123</arg>
<status status="PASS" starttime="20231113 14:44:19.443" endtime="20231113 14:44:25.563"/>
</kw>
<kw name="Go To Login Page" library="resource">
<kw name="Go To" library="SeleniumLibrary">
<arg>${LOGIN_URL}</arg>
<doc>Navigates the current browser window to the provided ``url``.</doc>
<msg timestamp="20231113 14:44:25.564" level="INFO">Opening url 'http://localhost:5001/login'</msg>
<status status="PASS" starttime="20231113 14:44:25.564" endtime="20231113 14:44:25.950"/>
</kw>
<status status="PASS" starttime="20231113 14:44:25.564" endtime="20231113 14:44:25.950"/>
</kw>
<kw name="Login Page Should Be Open" library="resource">
<kw name="Title Should Be" library="SeleniumLibrary">
<arg>Login</arg>
<doc>Verifies that the current page title equals ``title``.</doc>
<msg timestamp="20231113 14:44:25.955" level="INFO">Page title is 'Login'.</msg>
<status status="PASS" starttime="20231113 14:44:25.951" endtime="20231113 14:44:25.955"/>
</kw>
<status status="PASS" starttime="20231113 14:44:25.950" endtime="20231113 14:44:25.955"/>
</kw>
<status status="PASS" starttime="20231113 14:44:19.443" endtime="20231113 14:44:25.955"/>
</kw>
<kw name="Set Username">
<arg>kalle</arg>
<kw name="Input Text" library="SeleniumLibrary">
<arg>username</arg>
<arg>${username}</arg>
<doc>Types the given ``text`` into the text field identified by ``locator``.</doc>
<msg timestamp="20231113 14:44:25.956" level="INFO">Typing text 'kalle' into text field 'username'.</msg>
<status status="PASS" starttime="20231113 14:44:25.956" endtime="20231113 14:44:26.038"/>
</kw>
<status status="PASS" starttime="20231113 14:44:25.956" endtime="20231113 14:44:26.038"/>
</kw>
<kw name="Set Password">
<arg>kalle123</arg>
<kw name="Input Password" library="SeleniumLibrary">
<arg>password</arg>
<arg>${password}</arg>
<doc>Types the given password into the text field identified by ``locator``.</doc>
<msg timestamp="20231113 14:44:26.039" level="INFO">Typing password into text field 'password'.</msg>
<msg timestamp="20231113 14:44:26.067" level="INFO">Temporally setting log level to: NONE</msg>
<msg timestamp="20231113 14:44:26.100" level="INFO">Log level changed from NONE to INFO.</msg>
<status status="PASS" starttime="20231113 14:44:26.039" endtime="20231113 14:44:26.100"/>
</kw>
<status status="PASS" starttime="20231113 14:44:26.039" endtime="20231113 14:44:26.100"/>
</kw>
<kw name="Submit Credentials">
<kw name="Click Button" library="SeleniumLibrary">
<arg>Login</arg>
<doc>Clicks the button identified by ``locator``.</doc>
<msg timestamp="20231113 14:44:26.101" level="INFO">Clicking button 'Login'.</msg>
<status status="PASS" starttime="20231113 14:44:26.101" endtime="20231113 14:44:26.464"/>
</kw>
<status status="PASS" starttime="20231113 14:44:26.101" endtime="20231113 14:44:26.464"/>
</kw>
<kw name="Login Should Succeed">
<kw name="Main Page Should Be Open" library="resource">
<kw name="Title Should Be" library="SeleniumLibrary">
<arg>Ohtu Application main page</arg>
<doc>Verifies that the current page title equals ``title``.</doc>
<msg timestamp="20231113 14:44:26.468" level="INFO">Page title is 'Ohtu Application main page'.</msg>
<status status="PASS" starttime="20231113 14:44:26.465" endtime="20231113 14:44:26.468"/>
</kw>
<status status="PASS" starttime="20231113 14:44:26.464" endtime="20231113 14:44:26.468"/>
</kw>
<status status="PASS" starttime="20231113 14:44:26.464" endtime="20231113 14:44:26.469"/>
</kw>
<status status="PASS" starttime="20231113 14:44:19.443" endtime="20231113 14:44:26.469"/>
</test>
<test id="s1-s2-t2" name="Login With Nonexistent Username" line="14">
<kw name="Create User And Go To Login Page" type="SETUP">
<kw name="Create User" library="AppLibrary">
<arg>kalle</arg>
<arg>kalle123</arg>
<status status="PASS" starttime="20231113 14:44:26.470" endtime="20231113 14:44:32.590"/>
</kw>
<kw name="Go To Login Page" library="resource">
<kw name="Go To" library="SeleniumLibrary">
<arg>${LOGIN_URL}</arg>
<doc>Navigates the current browser window to the provided ``url``.</doc>
<msg timestamp="20231113 14:44:32.590" level="INFO">Opening url 'http://localhost:5001/login'</msg>
<status status="PASS" starttime="20231113 14:44:32.590" endtime="20231113 14:44:32.599"/>
</kw>
<status status="PASS" starttime="20231113 14:44:32.590" endtime="20231113 14:44:32.599"/>
</kw>
<kw name="Login Page Should Be Open" library="resource">
<kw name="Title Should Be" library="SeleniumLibrary">
<arg>Login</arg>
<doc>Verifies that the current page title equals ``title``.</doc>
<msg timestamp="20231113 14:44:32.602" level="INFO">Page title is 'Login'.</msg>
<status status="PASS" starttime="20231113 14:44:32.599" endtime="20231113 14:44:32.602"/>
</kw>
<status status="PASS" starttime="20231113 14:44:32.599" endtime="20231113 14:44:32.602"/>
</kw>
<status status="PASS" starttime="20231113 14:44:26.470" endtime="20231113 14:44:32.602"/>
</kw>
<kw name="Set Username">
<arg>kalle2</arg>
<kw name="Input Text" library="SeleniumLibrary">
<arg>username</arg>
<arg>${username}</arg>
<doc>Types the given ``text`` into the text field identified by ``locator``.</doc>
<msg timestamp="20231113 14:44:32.603" level="INFO">Typing text 'kalle2' into text field 'username'.</msg>
<status status="PASS" starttime="20231113 14:44:32.603" endtime="20231113 14:44:32.660"/>
</kw>
<status status="PASS" starttime="20231113 14:44:32.602" endtime="20231113 14:44:32.660"/>
</kw>
<kw name="Set Password">
<arg>kalle123</arg>
<kw name="Input Password" library="SeleniumLibrary">
<arg>password</arg>
<arg>${password}</arg>
<doc>Types the given password into the text field identified by ``locator``.</doc>
<msg timestamp="20231113 14:44:32.661" level="INFO">Typing password into text field 'password'.</msg>
<msg timestamp="20231113 14:44:32.684" level="INFO">Temporally setting log level to: NONE</msg>
<msg timestamp="20231113 14:44:32.718" level="INFO">Log level changed from NONE to INFO.</msg>
<status status="PASS" starttime="20231113 14:44:32.661" endtime="20231113 14:44:32.718"/>
</kw>
<status status="PASS" starttime="20231113 14:44:32.661" endtime="20231113 14:44:32.718"/>
</kw>
<kw name="Submit Credentials">
<kw name="Click Button" library="SeleniumLibrary">
<arg>Login</arg>
<doc>Clicks the button identified by ``locator``.</doc>
<msg timestamp="20231113 14:44:32.719" level="INFO">Clicking button 'Login'.</msg>
<status status="PASS" starttime="20231113 14:44:32.718" endtime="20231113 14:44:33.328"/>
</kw>
<status status="PASS" starttime="20231113 14:44:32.718" endtime="20231113 14:44:33.328"/>
</kw>
<kw name="Login Should Fail">
<kw name="Login Page Should Be Open" library="resource">
<kw name="Title Should Be" library="SeleniumLibrary">
<arg>Login</arg>
<doc>Verifies that the current page title equals ``title``.</doc>
<msg timestamp="20231113 14:44:33.333" level="INFO">Page title is 'Login'.</msg>
<status status="PASS" starttime="20231113 14:44:33.329" endtime="20231113 14:44:33.333"/>
</kw>
<status status="PASS" starttime="20231113 14:44:33.328" endtime="20231113 14:44:33.333"/>
</kw>
<status status="PASS" starttime="20231113 14:44:33.328" endtime="20231113 14:44:33.333"/>
</kw>
<status status="PASS" starttime="20231113 14:44:26.470" endtime="20231113 14:44:33.334"/>
</test>
<test id="s1-s2-t3" name="Login With Incorrect Password" line="20">
<kw name="Create User And Go To Login Page" type="SETUP">
<kw name="Create User" library="AppLibrary">
<arg>kalle</arg>
<arg>kalle123</arg>
<status status="PASS" starttime="20231113 14:44:33.335" endtime="20231113 14:44:39.419"/>
</kw>
<kw name="Go To Login Page" library="resource">
<kw name="Go To" library="SeleniumLibrary">
<arg>${LOGIN_URL}</arg>
<doc>Navigates the current browser window to the provided ``url``.</doc>
<msg timestamp="20231113 14:44:39.419" level="INFO">Opening url 'http://localhost:5001/login'</msg>
<status status="PASS" starttime="20231113 14:44:39.419" endtime="20231113 14:44:39.428"/>
</kw>
<status status="PASS" starttime="20231113 14:44:39.419" endtime="20231113 14:44:39.428"/>
</kw>
<kw name="Login Page Should Be Open" library="resource">
<kw name="Title Should Be" library="SeleniumLibrary">
<arg>Login</arg>
<doc>Verifies that the current page title equals ``title``.</doc>
<msg timestamp="20231113 14:44:39.432" level="INFO">Page title is 'Login'.</msg>
<status status="PASS" starttime="20231113 14:44:39.429" endtime="20231113 14:44:39.432"/>
</kw>
<status status="PASS" starttime="20231113 14:44:39.428" endtime="20231113 14:44:39.432"/>
</kw>
<status status="PASS" starttime="20231113 14:44:33.335" endtime="20231113 14:44:39.432"/>
</kw>
<kw name="Set Username">
<arg>kalle</arg>
<kw name="Input Text" library="SeleniumLibrary">
<arg>username</arg>
<arg>${username}</arg>
<doc>Types the given ``text`` into the text field identified by ``locator``.</doc>
<msg timestamp="20231113 14:44:39.433" level="INFO">Typing text 'kalle' into text field 'username'.</msg>
<status status="PASS" starttime="20231113 14:44:39.433" endtime="20231113 14:44:39.488"/>
</kw>
<status status="PASS" starttime="20231113 14:44:39.432" endtime="20231113 14:44:39.488"/>
</kw>
<kw name="Set Password">
<arg>kalle456</arg>
<kw name="Input Password" library="SeleniumLibrary">
<arg>password</arg>
<arg>${password}</arg>
<doc>Types the given password into the text field identified by ``locator``.</doc>
<msg timestamp="20231113 14:44:39.490" level="INFO">Typing password into text field 'password'.</msg>
<msg timestamp="20231113 14:44:39.513" level="INFO">Temporally setting log level to: NONE</msg>
<msg timestamp="20231113 14:44:39.545" level="INFO">Log level changed from NONE to INFO.</msg>
<status status="PASS" starttime="20231113 14:44:39.489" endtime="20231113 14:44:39.545"/>
</kw>
<status status="PASS" starttime="20231113 14:44:39.489" endtime="20231113 14:44:39.545"/>
</kw>
<kw name="Submit Credentials">
<kw name="Click Button" library="SeleniumLibrary">
<arg>Login</arg>
<doc>Clicks the button identified by ``locator``.</doc>
<msg timestamp="20231113 14:44:39.546" level="INFO">Clicking button 'Login'.</msg>
<status status="PASS" starttime="20231113 14:44:39.546" endtime="20231113 14:44:40.150"/>
</kw>
<status status="PASS" starttime="20231113 14:44:39.546" endtime="20231113 14:44:40.150"/>
</kw>
<kw name="Login Should Fail With Message">
<arg>Invalid username or password</arg>
<kw name="Login Page Should Be Open" library="resource">
<kw name="Title Should Be" library="SeleniumLibrary">
<arg>Login</arg>
<doc>Verifies that the current page title equals ``title``.</doc>
<msg timestamp="20231113 14:44:40.154" level="INFO">Page title is 'Login'.</msg>
<status status="PASS" starttime="20231113 14:44:40.151" endtime="20231113 14:44:40.154"/>
</kw>
<status status="PASS" starttime="20231113 14:44:40.150" endtime="20231113 14:44:40.154"/>
</kw>
<kw name="Page Should Contain" library="SeleniumLibrary">
<arg>${message}</arg>
<doc>Verifies that current page contains ``text``.</doc>
<msg timestamp="20231113 14:44:40.168" level="INFO">Current page contains text 'Invalid username or password'.</msg>
<status status="PASS" starttime="20231113 14:44:40.154" endtime="20231113 14:44:40.168"/>
</kw>
<status status="PASS" starttime="20231113 14:44:40.150" endtime="20231113 14:44:40.168"/>
</kw>
<status status="PASS" starttime="20231113 14:44:33.334" endtime="20231113 14:44:40.168"/>
</test>
<kw name="Close Browser" library="SeleniumLibrary" type="TEARDOWN">
<doc>Closes the current browser.</doc>
<status status="PASS" starttime="20231113 14:44:40.169" endtime="20231113 14:44:42.242"/>
</kw>
<status status="PASS" starttime="20231113 14:44:15.821" endtime="20231113 14:44:42.242"/>
</suite>
<suite id="s1-s3" name="Register" source="C:\school\Ohjelmistotuotanto-2024-syksy\palautusrepositorio\viikko3\web-login\src\tests\register.robot">
<kw name="Open And Configure Browser" library="resource" type="SETUP">
<kw name="Evaluate" library="BuiltIn">
<var>${options}</var>
<arg>sys.modules['selenium.webdriver'].ChromeOptions()</arg>
<arg>sys</arg>
<doc>Evaluates the given expression in Python and returns the result.</doc>
<msg timestamp="20231113 14:44:42.251" level="INFO">${options} = &lt;selenium.webdriver.chrome.options.Options object at 0x00000211AB561340&gt;</msg>
<status status="PASS" starttime="20231113 14:44:42.250" endtime="20231113 14:44:42.251"/>
</kw>
<kw name="Call Method" library="BuiltIn">
<arg>${options}</arg>
<arg>add_argument</arg>
<arg>--no-sandbox</arg>
<doc>Calls the named method of the given object with the provided arguments.</doc>
<status status="PASS" starttime="20231113 14:44:42.251" endtime="20231113 14:44:42.251"/>
</kw>
<kw name="Call Method" library="BuiltIn">
<arg>${options}</arg>
<arg>add_argument</arg>
<arg>--headless</arg>
<doc>Calls the named method of the given object with the provided arguments.</doc>
<status status="PASS" starttime="20231113 14:44:42.251" endtime="20231113 14:44:42.251"/>
</kw>
<kw name="Open Browser" library="SeleniumLibrary">
<arg>browser=chrome</arg>
<arg>options=${options}</arg>
<doc>Opens a new browser instance to the optional ``url``.</doc>
<msg timestamp="20231113 14:44:42.252" level="INFO">Opening browser 'chrome' to base url 'None'.</msg>
<status status="PASS" starttime="20231113 14:44:42.251" endtime="20231113 14:44:45.792"/>
</kw>
<kw name="Set Selenium Speed" library="SeleniumLibrary">
<arg>${DELAY}</arg>
<doc>Sets the delay that is waited after each Selenium command.</doc>
<status status="PASS" starttime="20231113 14:44:45.792" endtime="20231113 14:44:45.792"/>
</kw>
<status status="PASS" starttime="20231113 14:44:42.250" endtime="20231113 14:44:45.792"/>
</kw>
<test id="s1-s3-t1" name="Register With Valid Username And Password" line="8">
<kw name="Start From Register Page" type="SETUP">
<kw name="Reset Application" library="AppLibrary">
<status status="PASS" starttime="20231113 14:44:45.793" endtime="20231113 14:44:49.857"/>
</kw>
<kw name="Go To Register Page" library="resource">
<kw name="Go To" library="SeleniumLibrary">
<arg>${REGISTER_URL}</arg>
<doc>Navigates the current browser window to the provided ``url``.</doc>
<msg timestamp="20231113 14:44:49.858" level="INFO">Opening url 'http://localhost:5001/register'</msg>
<status status="PASS" starttime="20231113 14:44:49.858" endtime="20231113 14:44:50.248"/>
</kw>
<status status="PASS" starttime="20231113 14:44:49.858" endtime="20231113 14:44:50.248"/>
</kw>
<kw name="Register Page Should Be Open" library="resource">
<kw name="Title Should Be" library="SeleniumLibrary">
<arg>Register</arg>
<doc>Verifies that the current page title equals ``title``.</doc>
<msg timestamp="20231113 14:44:50.253" level="INFO">Page title is 'Register'.</msg>
<status status="PASS" starttime="20231113 14:44:50.249" endtime="20231113 14:44:50.253"/>
</kw>
<status status="PASS" starttime="20231113 14:44:50.248" endtime="20231113 14:44:50.253"/>
</kw>
<status status="PASS" starttime="20231113 14:44:45.793" endtime="20231113 14:44:50.253"/>
</kw>
<kw name="Add Username">
<arg>kalle</arg>
<kw name="Input Text" library="SeleniumLibrary">
<arg>username</arg>
<arg>${username}</arg>
<doc>Types the given ``text`` into the text field identified by ``locator``.</doc>
<msg timestamp="20231113 14:44:50.254" level="INFO">Typing text 'kalle' into text field 'username'.</msg>
<status status="PASS" starttime="20231113 14:44:50.254" endtime="20231113 14:44:50.329"/>
</kw>
<status status="PASS" starttime="20231113 14:44:50.254" endtime="20231113 14:44:50.329"/>
</kw>
<kw name="Add Password">
<arg>kalle123</arg>
<kw name="Input Password" library="SeleniumLibrary">
<arg>password</arg>
<arg>${password}</arg>
<doc>Types the given password into the text field identified by ``locator``.</doc>
<msg timestamp="20231113 14:44:50.330" level="INFO">Typing password into text field 'password'.</msg>
<msg timestamp="20231113 14:44:50.359" level="INFO">Temporally setting log level to: NONE</msg>
<msg timestamp="20231113 14:44:50.392" level="INFO">Log level changed from NONE to INFO.</msg>
<status status="PASS" starttime="20231113 14:44:50.330" endtime="20231113 14:44:50.392"/>
</kw>
<status status="PASS" starttime="20231113 14:44:50.330" endtime="20231113 14:44:50.392"/>
</kw>
<kw name="Add Password Confirmation">
<arg>kalle123</arg>
<kw name="Input Password" library="SeleniumLibrary">
<arg>password_confirmation</arg>
<arg>${password}</arg>
<doc>Types the given password into the text field identified by ``locator``.</doc>
<msg timestamp="20231113 14:44:50.394" level="INFO">Typing password into text field 'password_confirmation'.</msg>
<msg timestamp="20231113 14:44:50.419" level="INFO">Temporally setting log level to: NONE</msg>
<msg timestamp="20231113 14:44:50.451" level="INFO">Log level changed from NONE to INFO.</msg>
<status status="PASS" starttime="20231113 14:44:50.393" endtime="20231113 14:44:50.451"/>
</kw>
<status status="PASS" starttime="20231113 14:44:50.393" endtime="20231113 14:44:50.451"/>
</kw>
<kw name="Submit Register Credentials">
<kw name="Click Button" library="SeleniumLibrary">
<arg>Register</arg>
<doc>Clicks the button identified by ``locator``.</doc>
<msg timestamp="20231113 14:44:50.452" level="INFO">Clicking button 'Register'.</msg>
<status status="PASS" starttime="20231113 14:44:50.452" endtime="20231113 14:44:50.821"/>
</kw>
<status status="PASS" starttime="20231113 14:44:50.452" endtime="20231113 14:44:50.822"/>
</kw>
<kw name="Register Should Succeed">
<kw name="Welcome Page Should Be Open" library="resource">
<kw name="Title Should Be" library="SeleniumLibrary">
<arg>Welcome to Ohtu Application!</arg>
<doc>Verifies that the current page title equals ``title``.</doc>
<msg timestamp="20231113 14:44:50.825" level="INFO">Page title is 'Welcome to Ohtu Application!'.</msg>
<status status="PASS" starttime="20231113 14:44:50.822" endtime="20231113 14:44:50.825"/>
</kw>
<status status="PASS" starttime="20231113 14:44:50.822" endtime="20231113 14:44:50.825"/>
</kw>
<status status="PASS" starttime="20231113 14:44:50.822" endtime="20231113 14:44:50.825"/>
</kw>
<status status="PASS" starttime="20231113 14:44:45.792" endtime="20231113 14:44:50.826"/>
</test>
<test id="s1-s3-t2" name="Register With Too Short Username And Valid Password" line="15">
<kw name="Start From Register Page" type="SETUP">
<kw name="Reset Application" library="AppLibrary">
<status status="PASS" starttime="20231113 14:44:50.827" endtime="20231113 14:44:54.882"/>
</kw>
<kw name="Go To Register Page" library="resource">
<kw name="Go To" library="SeleniumLibrary">
<arg>${REGISTER_URL}</arg>
<doc>Navigates the current browser window to the provided ``url``.</doc>
<msg timestamp="20231113 14:44:54.883" level="INFO">Opening url 'http://localhost:5001/register'</msg>
<status status="PASS" starttime="20231113 14:44:54.882" endtime="20231113 14:44:54.891"/>
</kw>
<status status="PASS" starttime="20231113 14:44:54.882" endtime="20231113 14:44:54.891"/>
</kw>
<kw name="Register Page Should Be Open" library="resource">
<kw name="Title Should Be" library="SeleniumLibrary">
<arg>Register</arg>
<doc>Verifies that the current page title equals ``title``.</doc>
<msg timestamp="20231113 14:44:54.895" level="INFO">Page title is 'Register'.</msg>
<status status="PASS" starttime="20231113 14:44:54.892" endtime="20231113 14:44:54.895"/>
</kw>
<status status="PASS" starttime="20231113 14:44:54.891" endtime="20231113 14:44:54.895"/>
</kw>
<status status="PASS" starttime="20231113 14:44:50.827" endtime="20231113 14:44:54.895"/>
</kw>
<kw name="Add Username">
<arg>ka</arg>
<kw name="Input Text" library="SeleniumLibrary">
<arg>username</arg>
<arg>${username}</arg>
<doc>Types the given ``text`` into the text field identified by ``locator``.</doc>
<msg timestamp="20231113 14:44:54.896" level="INFO">Typing text 'ka' into text field 'username'.</msg>
<status status="PASS" starttime="20231113 14:44:54.896" endtime="20231113 14:44:54.949"/>
</kw>
<status status="PASS" starttime="20231113 14:44:54.895" endtime="20231113 14:44:54.949"/>
</kw>
<kw name="Add Password">
<arg>kalle123</arg>
<kw name="Input Password" library="SeleniumLibrary">
<arg>password</arg>
<arg>${password}</arg>
<doc>Types the given password into the text field identified by ``locator``.</doc>
<msg timestamp="20231113 14:44:54.950" level="INFO">Typing password into text field 'password'.</msg>
<msg timestamp="20231113 14:44:54.975" level="INFO">Temporally setting log level to: NONE</msg>
<msg timestamp="20231113 14:44:55.005" level="INFO">Log level changed from NONE to INFO.</msg>
<status status="PASS" starttime="20231113 14:44:54.950" endtime="20231113 14:44:55.005"/>
</kw>
<status status="PASS" starttime="20231113 14:44:54.949" endtime="20231113 14:44:55.005"/>
</kw>
<kw name="Add Password Confirmation">
<arg>kalle123</arg>
<kw name="Input Password" library="SeleniumLibrary">
<arg>password_confirmation</arg>
<arg>${password}</arg>
<doc>Types the given password into the text field identified by ``locator``.</doc>
<msg timestamp="20231113 14:44:55.007" level="INFO">Typing password into text field 'password_confirmation'.</msg>
<msg timestamp="20231113 14:44:55.030" level="INFO">Temporally setting log level to: NONE</msg>
<msg timestamp="20231113 14:44:55.064" level="INFO">Log level changed from NONE to INFO.</msg>
<status status="PASS" starttime="20231113 14:44:55.006" endtime="20231113 14:44:55.064"/>
</kw>
<status status="PASS" starttime="20231113 14:44:55.006" endtime="20231113 14:44:55.064"/>
</kw>
<kw name="Submit Register Credentials">
<kw name="Click Button" library="SeleniumLibrary">
<arg>Register</arg>
<doc>Clicks the button identified by ``locator``.</doc>
<msg timestamp="20231113 14:44:55.065" level="INFO">Clicking button 'Register'.</msg>
<status status="PASS" starttime="20231113 14:44:55.064" endtime="20231113 14:44:55.687"/>
</kw>
<status status="PASS" starttime="20231113 14:44:55.064" endtime="20231113 14:44:55.687"/>
</kw>
<kw name="Register Should Fail With Message">
<arg>Username is too short</arg>
<kw name="Register Page Should Be Open" library="resource">
<kw name="Title Should Be" library="SeleniumLibrary">
<arg>Register</arg>
<doc>Verifies that the current page title equals ``title``.</doc>
<msg timestamp="20231113 14:44:55.690" level="INFO">Page title is 'Register'.</msg>
<status status="PASS" starttime="20231113 14:44:55.687" endtime="20231113 14:44:55.691"/>
</kw>
<status status="PASS" starttime="20231113 14:44:55.687" endtime="20231113 14:44:55.691"/>
</kw>
<kw name="Page Should Contain" library="SeleniumLibrary">
<arg>${message}</arg>
<doc>Verifies that current page contains ``text``.</doc>
<msg timestamp="20231113 14:44:55.701" level="INFO">Current page contains text 'Username is too short'.</msg>
<status status="PASS" starttime="20231113 14:44:55.691" endtime="20231113 14:44:55.701"/>
</kw>
<status status="PASS" starttime="20231113 14:44:55.687" endtime="20231113 14:44:55.701"/>
</kw>
<status status="PASS" starttime="20231113 14:44:50.826" endtime="20231113 14:44:55.701"/>
</test>
<test id="s1-s3-t3" name="Register With Valid Username And Invalid Password" line="22">
<kw name="Start From Register Page" type="SETUP">
<kw name="Reset Application" library="AppLibrary">
<status status="PASS" starttime="20231113 14:44:55.702" endtime="20231113 14:44:59.756"/>
</kw>
<kw name="Go To Register Page" library="resource">
<kw name="Go To" library="SeleniumLibrary">
<arg>${REGISTER_URL}</arg>
<doc>Navigates the current browser window to the provided ``url``.</doc>
<msg timestamp="20231113 14:44:59.757" level="INFO">Opening url 'http://localhost:5001/register'</msg>
<status status="PASS" starttime="20231113 14:44:59.757" endtime="20231113 14:44:59.766"/>
</kw>
<status status="PASS" starttime="20231113 14:44:59.756" endtime="20231113 14:44:59.766"/>
</kw>
<kw name="Register Page Should Be Open" library="resource">
<kw name="Title Should Be" library="SeleniumLibrary">
<arg>Register</arg>
<doc>Verifies that the current page title equals ``title``.</doc>
<msg timestamp="20231113 14:44:59.769" level="INFO">Page title is 'Register'.</msg>
<status status="PASS" starttime="20231113 14:44:59.766" endtime="20231113 14:44:59.769"/>
</kw>
<status status="PASS" starttime="20231113 14:44:59.766" endtime="20231113 14:44:59.769"/>
</kw>
<status status="PASS" starttime="20231113 14:44:55.702" endtime="20231113 14:44:59.769"/>
</kw>
<kw name="Add Username">
<arg>kalle</arg>
<kw name="Input Text" library="SeleniumLibrary">
<arg>username</arg>
<arg>${username}</arg>
<doc>Types the given ``text`` into the text field identified by ``locator``.</doc>
<msg timestamp="20231113 14:44:59.770" level="INFO">Typing text 'kalle' into text field 'username'.</msg>
<status status="PASS" starttime="20231113 14:44:59.770" endtime="20231113 14:44:59.824"/>
</kw>
<status status="PASS" starttime="20231113 14:44:59.769" endtime="20231113 14:44:59.824"/>
</kw>
<kw name="Add Password">
<arg>kalle</arg>
<kw name="Input Password" library="SeleniumLibrary">
<arg>password</arg>
<arg>${password}</arg>
<doc>Types the given password into the text field identified by ``locator``.</doc>
<msg timestamp="20231113 14:44:59.825" level="INFO">Typing password into text field 'password'.</msg>
<msg timestamp="20231113 14:44:59.848" level="INFO">Temporally setting log level to: NONE</msg>
<msg timestamp="20231113 14:44:59.885" level="INFO">Log level changed from NONE to INFO.</msg>
<status status="PASS" starttime="20231113 14:44:59.824" endtime="20231113 14:44:59.885"/>
</kw>
<status status="PASS" starttime="20231113 14:44:59.824" endtime="20231113 14:44:59.885"/>
</kw>
<kw name="Add Password Confirmation">
<arg>kalle</arg>
<kw name="Input Password" library="SeleniumLibrary">
<arg>password_confirmation</arg>
<arg>${password}</arg>
<doc>Types the given password into the text field identified by ``locator``.</doc>
<msg timestamp="20231113 14:44:59.886" level="INFO">Typing password into text field 'password_confirmation'.</msg>
<msg timestamp="20231113 14:44:59.911" level="INFO">Temporally setting log level to: NONE</msg>
<msg timestamp="20231113 14:44:59.944" level="INFO">Log level changed from NONE to INFO.</msg>
<status status="PASS" starttime="20231113 14:44:59.886" endtime="20231113 14:44:59.944"/>
</kw>
<status status="PASS" starttime="20231113 14:44:59.885" endtime="20231113 14:44:59.944"/>
</kw>
<kw name="Submit Register Credentials">
<kw name="Click Button" library="SeleniumLibrary">
<arg>Register</arg>
<doc>Clicks the button identified by ``locator``.</doc>
<msg timestamp="20231113 14:44:59.945" level="INFO">Clicking button 'Register'.</msg>
<status status="PASS" starttime="20231113 14:44:59.945" endtime="20231113 14:45:00.568"/>
</kw>
<status status="PASS" starttime="20231113 14:44:59.944" endtime="20231113 14:45:00.568"/>
</kw>
<kw name="Register Should Fail With Message">
<arg>Password is too short</arg>
<kw name="Register Page Should Be Open" library="resource">
<kw name="Title Should Be" library="SeleniumLibrary">
<arg>Register</arg>
<doc>Verifies that the current page title equals ``title``.</doc>
<msg timestamp="20231113 14:45:00.572" level="INFO">Page title is 'Register'.</msg>
<status status="PASS" starttime="20231113 14:45:00.569" endtime="20231113 14:45:00.572"/>
</kw>
<status status="PASS" starttime="20231113 14:45:00.568" endtime="20231113 14:45:00.572"/>
</kw>
<kw name="Page Should Contain" library="SeleniumLibrary">
<arg>${message}</arg>
<doc>Verifies that current page contains ``text``.</doc>
<msg timestamp="20231113 14:45:00.582" level="INFO">Current page contains text 'Password is too short'.</msg>
<status status="PASS" starttime="20231113 14:45:00.572" endtime="20231113 14:45:00.582"/>
</kw>
<status status="PASS" starttime="20231113 14:45:00.568" endtime="20231113 14:45:00.582"/>
</kw>
<status status="PASS" starttime="20231113 14:44:55.702" endtime="20231113 14:45:00.582"/>
</test>
<test id="s1-s3-t4" name="Register With Nonmatching Password And Password Confirmation" line="29">
<kw name="Start From Register Page" type="SETUP">
<kw name="Reset Application" library="AppLibrary">
<status status="PASS" starttime="20231113 14:45:00.584" endtime="20231113 14:45:04.635"/>
</kw>
<kw name="Go To Register Page" library="resource">
<kw name="Go To" library="SeleniumLibrary">
<arg>${REGISTER_URL}</arg>
<doc>Navigates the current browser window to the provided ``url``.</doc>
<msg timestamp="20231113 14:45:04.636" level="INFO">Opening url 'http://localhost:5001/register'</msg>
<status status="PASS" starttime="20231113 14:45:04.636" endtime="20231113 14:45:04.645"/>
</kw>
<status status="PASS" starttime="20231113 14:45:04.636" endtime="20231113 14:45:04.645"/>
</kw>
<kw name="Register Page Should Be Open" library="resource">
<kw name="Title Should Be" library="SeleniumLibrary">
<arg>Register</arg>
<doc>Verifies that the current page title equals ``title``.</doc>
<msg timestamp="20231113 14:45:04.648" level="INFO">Page title is 'Register'.</msg>
<status status="PASS" starttime="20231113 14:45:04.645" endtime="20231113 14:45:04.648"/>
</kw>
<status status="PASS" starttime="20231113 14:45:04.645" endtime="20231113 14:45:04.649"/>
</kw>
<status status="PASS" starttime="20231113 14:45:00.584" endtime="20231113 14:45:04.649"/>
</kw>
<kw name="Add Username">
<arg>kalle</arg>
<kw name="Input Text" library="SeleniumLibrary">
<arg>username</arg>
<arg>${username}</arg>
<doc>Types the given ``text`` into the text field identified by ``locator``.</doc>
<msg timestamp="20231113 14:45:04.650" level="INFO">Typing text 'kalle' into text field 'username'.</msg>
<status status="PASS" starttime="20231113 14:45:04.649" endtime="20231113 14:45:04.704"/>
</kw>
<status status="PASS" starttime="20231113 14:45:04.649" endtime="20231113 14:45:04.704"/>
</kw>
<kw name="Add Password">
<arg>kalle123</arg>
<kw name="Input Password" library="SeleniumLibrary">
<arg>password</arg>
<arg>${password}</arg>
<doc>Types the given password into the text field identified by ``locator``.</doc>
<msg timestamp="20231113 14:45:04.705" level="INFO">Typing password into text field 'password'.</msg>
<msg timestamp="20231113 14:45:04.729" level="INFO">Temporally setting log level to: NONE</msg>
<msg timestamp="20231113 14:45:04.762" level="INFO">Log level changed from NONE to INFO.</msg>
<status status="PASS" starttime="20231113 14:45:04.704" endtime="20231113 14:45:04.762"/>
</kw>
<status status="PASS" starttime="20231113 14:45:04.704" endtime="20231113 14:45:04.762"/>
</kw>
<kw name="Add Password Confirmation">
<arg>kalle321</arg>
<kw name="Input Password" library="SeleniumLibrary">
<arg>password_confirmation</arg>
<arg>${password}</arg>
<doc>Types the given password into the text field identified by ``locator``.</doc>
<msg timestamp="20231113 14:45:04.763" level="INFO">Typing password into text field 'password_confirmation'.</msg>
<msg timestamp="20231113 14:45:04.786" level="INFO">Temporally setting log level to: NONE</msg>
<msg timestamp="20231113 14:45:04.818" level="INFO">Log level changed from NONE to INFO.</msg>
<status status="PASS" starttime="20231113 14:45:04.763" endtime="20231113 14:45:04.818"/>
</kw>
<status status="PASS" starttime="20231113 14:45:04.762" endtime="20231113 14:45:04.818"/>
</kw>
<kw name="Submit Register Credentials">
<kw name="Click Button" library="SeleniumLibrary">
<arg>Register</arg>
<doc>Clicks the button identified by ``locator``.</doc>
<msg timestamp="20231113 14:45:04.818" level="INFO">Clicking button 'Register'.</msg>
<status status="PASS" starttime="20231113 14:45:04.818" endtime="20231113 14:45:05.429"/>
</kw>
<status status="PASS" starttime="20231113 14:45:04.818" endtime="20231113 14:45:05.429"/>
</kw>
<kw name="Register Should Fail With Message">
<arg>Password and password confirmation don't match</arg>
<kw name="Register Page Should Be Open" library="resource">
<kw name="Title Should Be" library="SeleniumLibrary">
<arg>Register</arg>
<doc>Verifies that the current page title equals ``title``.</doc>
<msg timestamp="20231113 14:45:05.433" level="INFO">Page title is 'Register'.</msg>
<status status="PASS" starttime="20231113 14:45:05.430" endtime="20231113 14:45:05.433"/>
</kw>
<status status="PASS" starttime="20231113 14:45:05.430" endtime="20231113 14:45:05.433"/>
</kw>
<kw name="Page Should Contain" library="SeleniumLibrary">
<arg>${message}</arg>
<doc>Verifies that current page contains ``text``.</doc>
<msg timestamp="20231113 14:45:05.443" level="INFO">Current page contains text 'Password and password confirmation don't match'.</msg>
<status status="PASS" starttime="20231113 14:45:05.433" endtime="20231113 14:45:05.443"/>
</kw>
<status status="PASS" starttime="20231113 14:45:05.430" endtime="20231113 14:45:05.443"/>
</kw>
<status status="PASS" starttime="20231113 14:45:00.583" endtime="20231113 14:45:05.444"/>
</test>
<test id="s1-s3-t5" name="Login After Succesful Registration" line="36">
<kw name="Start From Register Page" type="SETUP">
<kw name="Reset Application" library="AppLibrary">
<status status="PASS" starttime="20231113 14:45:05.445" endtime="20231113 14:45:09.521"/>
</kw>
<kw name="Go To Register Page" library="resource">
<kw name="Go To" library="SeleniumLibrary">
<arg>${REGISTER_URL}</arg>
<doc>Navigates the current browser window to the provided ``url``.</doc>
<msg timestamp="20231113 14:45:09.521" level="INFO">Opening url 'http://localhost:5001/register'</msg>
<status status="PASS" starttime="20231113 14:45:09.521" endtime="20231113 14:45:09.531"/>
</kw>
<status status="PASS" starttime="20231113 14:45:09.521" endtime="20231113 14:45:09.531"/>
</kw>
<kw name="Register Page Should Be Open" library="resource">
<kw name="Title Should Be" library="SeleniumLibrary">
<arg>Register</arg>
<doc>Verifies that the current page title equals ``title``.</doc>
<msg timestamp="20231113 14:45:09.534" level="INFO">Page title is 'Register'.</msg>
<status status="PASS" starttime="20231113 14:45:09.531" endtime="20231113 14:45:09.534"/>
</kw>
<status status="PASS" starttime="20231113 14:45:09.531" endtime="20231113 14:45:09.535"/>
</kw>
<status status="PASS" starttime="20231113 14:45:05.445" endtime="20231113 14:45:09.535"/>
</kw>
<kw name="Add Username">
<arg>kalle</arg>
<kw name="Input Text" library="SeleniumLibrary">
<arg>username</arg>
<arg>${username}</arg>
<doc>Types the given ``text`` into the text field identified by ``locator``.</doc>
<msg timestamp="20231113 14:45:09.536" level="INFO">Typing text 'kalle' into text field 'username'.</msg>
<status status="PASS" starttime="20231113 14:45:09.535" endtime="20231113 14:45:09.590"/>
</kw>
<status status="PASS" starttime="20231113 14:45:09.535" endtime="20231113 14:45:09.590"/>
</kw>
<kw name="Add Password">
<arg>kalle123</arg>
<kw name="Input Password" library="SeleniumLibrary">
<arg>password</arg>
<arg>${password}</arg>
<doc>Types the given password into the text field identified by ``locator``.</doc>
<msg timestamp="20231113 14:45:09.591" level="INFO">Typing password into text field 'password'.</msg>
<msg timestamp="20231113 14:45:09.615" level="INFO">Temporally setting log level to: NONE</msg>
<msg timestamp="20231113 14:45:09.648" level="INFO">Log level changed from NONE to INFO.</msg>
<status status="PASS" starttime="20231113 14:45:09.591" endtime="20231113 14:45:09.648"/>
</kw>
<status status="PASS" starttime="20231113 14:45:09.591" endtime="20231113 14:45:09.649"/>
</kw>
<kw name="Add Password Confirmation">
<arg>kalle123</arg>
<kw name="Input Password" library="SeleniumLibrary">
<arg>password_confirmation</arg>
<arg>${password}</arg>
<doc>Types the given password into the text field identified by ``locator``.</doc>
<msg timestamp="20231113 14:45:09.650" level="INFO">Typing password into text field 'password_confirmation'.</msg>
<msg timestamp="20231113 14:45:09.674" level="INFO">Temporally setting log level to: NONE</msg>
<msg timestamp="20231113 14:45:09.706" level="INFO">Log level changed from NONE to INFO.</msg>
<status status="PASS" starttime="20231113 14:45:09.649" endtime="20231113 14:45:09.706"/>
</kw>
<status status="PASS" starttime="20231113 14:45:09.649" endtime="20231113 14:45:09.706"/>
</kw>
<kw name="Submit Register Credentials">
<kw name="Click Button" library="SeleniumLibrary">
<arg>Register</arg>
<doc>Clicks the button identified by ``locator``.</doc>
<msg timestamp="20231113 14:45:09.707" level="INFO">Clicking button 'Register'.</msg>
<status status="PASS" starttime="20231113 14:45:09.707" endtime="20231113 14:45:10.320"/>
</kw>
<status status="PASS" starttime="20231113 14:45:09.706" endtime="20231113 14:45:10.320"/>
</kw>
<kw name="Register Should Succeed">
<kw name="Welcome Page Should Be Open" library="resource">
<kw name="Title Should Be" library="SeleniumLibrary">
<arg>Welcome to Ohtu Application!</arg>
<doc>Verifies that the current page title equals ``title``.</doc>
<msg timestamp="20231113 14:45:10.324" level="INFO">Page title is 'Welcome to Ohtu Application!'.</msg>
<status status="PASS" starttime="20231113 14:45:10.321" endtime="20231113 14:45:10.325"/>
</kw>
<status status="PASS" starttime="20231113 14:45:10.321" endtime="20231113 14:45:10.325"/>
</kw>
<status status="PASS" starttime="20231113 14:45:10.321" endtime="20231113 14:45:10.325"/>
</kw>
<kw name="Go To Login Page" library="resource">
<kw name="Go To" library="SeleniumLibrary">
<arg>${LOGIN_URL}</arg>
<doc>Navigates the current browser window to the provided ``url``.</doc>
<msg timestamp="20231113 14:45:10.325" level="INFO">Opening url 'http://localhost:5001/login'</msg>
<status status="PASS" starttime="20231113 14:45:10.325" endtime="20231113 14:45:10.369"/>
</kw>
<status status="PASS" starttime="20231113 14:45:10.325" endtime="20231113 14:45:10.369"/>
</kw>
<kw name="Login Page Should Be Open" library="resource">
<kw name="Title Should Be" library="SeleniumLibrary">
<arg>Login</arg>
<doc>Verifies that the current page title equals ``title``.</doc>
<msg timestamp="20231113 14:45:10.373" level="INFO">Page title is 'Login'.</msg>
<status status="PASS" starttime="20231113 14:45:10.369" endtime="20231113 14:45:10.373"/>
</kw>
<status status="PASS" starttime="20231113 14:45:10.369" endtime="20231113 14:45:10.373"/>
</kw>
<kw name="Login With Valid Credentials">
<arg>kalle</arg>
<arg>kalle123</arg>
<kw name="Input Text" library="SeleniumLibrary">
<arg>username</arg>
<arg>${username}</arg>
<doc>Types the given ``text`` into the text field identified by ``locator``.</doc>
<msg timestamp="20231113 14:45:10.374" level="INFO">Typing text 'kalle' into text field 'username'.</msg>
<status status="PASS" starttime="20231113 14:45:10.373" endtime="20231113 14:45:10.429"/>
</kw>
<kw name="Input Password" library="SeleniumLibrary">
<arg>password</arg>
<arg>${password}</arg>
<doc>Types the given password into the text field identified by ``locator``.</doc>
<msg timestamp="20231113 14:45:10.429" level="INFO">Typing password into text field 'password'.</msg>
<msg timestamp="20231113 14:45:10.453" level="INFO">Temporally setting log level to: NONE</msg>
<msg timestamp="20231113 14:45:10.485" level="INFO">Log level changed from NONE to INFO.</msg>
<status status="PASS" starttime="20231113 14:45:10.429" endtime="20231113 14:45:10.485"/>
</kw>
<kw name="Click Button" library="SeleniumLibrary">
<arg>Login</arg>
<doc>Clicks the button identified by ``locator``.</doc>
<msg timestamp="20231113 14:45:10.485" level="INFO">Clicking button 'Login'.</msg>
<status status="PASS" starttime="20231113 14:45:10.485" endtime="20231113 14:45:10.853"/>
</kw>
<status status="PASS" starttime="20231113 14:45:10.373" endtime="20231113 14:45:10.853"/>
</kw>
<kw name="Main Page Should Be Open" library="resource">
<kw name="Title Should Be" library="SeleniumLibrary">
<arg>Ohtu Application main page</arg>
<doc>Verifies that the current page title equals ``title``.</doc>
<msg timestamp="20231113 14:45:10.857" level="INFO">Page title is 'Ohtu Application main page'.</msg>
<status status="PASS" starttime="20231113 14:45:10.854" endtime="20231113 14:45:10.857"/>
</kw>
<status status="PASS" starttime="20231113 14:45:10.853" endtime="20231113 14:45:10.857"/>
</kw>
<status status="PASS" starttime="20231113 14:45:05.444" endtime="20231113 14:45:10.857"/>
</test>
<test id="s1-s3-t6" name="Login After Failed Registration" line="47">
<kw name="Start From Register Page" type="SETUP">
<kw name="Reset Application" library="AppLibrary">
<status status="PASS" starttime="20231113 14:45:10.859" endtime="20231113 14:45:14.917"/>
</kw>
<kw name="Go To Register Page" library="resource">
<kw name="Go To" library="SeleniumLibrary">
<arg>${REGISTER_URL}</arg>
<doc>Navigates the current browser window to the provided ``url``.</doc>
<msg timestamp="20231113 14:45:14.918" level="INFO">Opening url 'http://localhost:5001/register'</msg>
<status status="PASS" starttime="20231113 14:45:14.918" endtime="20231113 14:45:14.927"/>
</kw>
<status status="PASS" starttime="20231113 14:45:14.918" endtime="20231113 14:45:14.927"/>
</kw>
<kw name="Register Page Should Be Open" library="resource">
<kw name="Title Should Be" library="SeleniumLibrary">
<arg>Register</arg>
<doc>Verifies that the current page title equals ``title``.</doc>
<msg timestamp="20231113 14:45:14.931" level="INFO">Page title is 'Register'.</msg>
<status status="PASS" starttime="20231113 14:45:14.928" endtime="20231113 14:45:14.931"/>
</kw>
<status status="PASS" starttime="20231113 14:45:14.927" endtime="20231113 14:45:14.931"/>
</kw>
<status status="PASS" starttime="20231113 14:45:10.859" endtime="20231113 14:45:14.931"/>
</kw>
<kw name="Add Username">
<arg>ka</arg>
<kw name="Input Text" library="SeleniumLibrary">
<arg>username</arg>
<arg>${username}</arg>
<doc>Types the given ``text`` into the text field identified by ``locator``.</doc>
<msg timestamp="20231113 14:45:14.932" level="INFO">Typing text 'ka' into text field 'username'.</msg>
<status status="PASS" starttime="20231113 14:45:14.931" endtime="20231113 14:45:14.986"/>
</kw>
<status status="PASS" starttime="20231113 14:45:14.931" endtime="20231113 14:45:14.986"/>
</kw>
<kw name="Add Password">
<arg>kalle123</arg>
<kw name="Input Password" library="SeleniumLibrary">
<arg>password</arg>
<arg>${password}</arg>
<doc>Types the given password into the text field identified by ``locator``.</doc>
<msg timestamp="20231113 14:45:14.987" level="INFO">Typing password into text field 'password'.</msg>
<msg timestamp="20231113 14:45:15.011" level="INFO">Temporally setting log level to: NONE</msg>
<msg timestamp="20231113 14:45:15.043" level="INFO">Log level changed from NONE to INFO.</msg>
<status status="PASS" starttime="20231113 14:45:14.987" endtime="20231113 14:45:15.043"/>
</kw>
<status status="PASS" starttime="20231113 14:45:14.986" endtime="20231113 14:45:15.043"/>
</kw>
<kw name="Add Password Confirmation">
<arg>kalle123</arg>
<kw name="Input Password" library="SeleniumLibrary">
<arg>password_confirmation</arg>
<arg>${password}</arg>
<doc>Types the given password into the text field identified by ``locator``.</doc>
<msg timestamp="20231113 14:45:15.044" level="INFO">Typing password into text field 'password_confirmation'.</msg>
<msg timestamp="20231113 14:45:15.068" level="INFO">Temporally setting log level to: NONE</msg>
<msg timestamp="20231113 14:45:15.099" level="INFO">Log level changed from NONE to INFO.</msg>
<status status="PASS" starttime="20231113 14:45:15.044" endtime="20231113 14:45:15.099"/>
</kw>
<status status="PASS" starttime="20231113 14:45:15.043" endtime="20231113 14:45:15.099"/>
</kw>
<kw name="Submit Register Credentials">
<kw name="Click Button" library="SeleniumLibrary">
<arg>Register</arg>
<doc>Clicks the button identified by ``locator``.</doc>
<msg timestamp="20231113 14:45:15.100" level="INFO">Clicking button 'Register'.</msg>
<status status="PASS" starttime="20231113 14:45:15.099" endtime="20231113 14:45:15.712"/>
</kw>
<status status="PASS" starttime="20231113 14:45:15.099" endtime="20231113 14:45:15.712"/>
</kw>
<kw name="Register Should Fail">
<kw name="Register Page Should Be Open" library="resource">
<kw name="Title Should Be" library="SeleniumLibrary">
<arg>Register</arg>
<doc>Verifies that the current page title equals ``title``.</doc>
<msg timestamp="20231113 14:45:15.716" level="INFO">Page title is 'Register'.</msg>
<status status="PASS" starttime="20231113 14:45:15.713" endtime="20231113 14:45:15.716"/>
</kw>
<status status="PASS" starttime="20231113 14:45:15.713" endtime="20231113 14:45:15.716"/>
</kw>
<status status="PASS" starttime="20231113 14:45:15.713" endtime="20231113 14:45:15.716"/>
</kw>
<kw name="Go To Login Page" library="resource">
<kw name="Go To" library="SeleniumLibrary">
<arg>${LOGIN_URL}</arg>
<doc>Navigates the current browser window to the provided ``url``.</doc>
<msg timestamp="20231113 14:45:15.716" level="INFO">Opening url 'http://localhost:5001/login'</msg>
<status status="PASS" starttime="20231113 14:45:15.716" endtime="20231113 14:45:15.757"/>
</kw>
<status status="PASS" starttime="20231113 14:45:15.716" endtime="20231113 14:45:15.757"/>
</kw>
<kw name="Login Page Should Be Open" library="resource">
<kw name="Title Should Be" library="SeleniumLibrary">
<arg>Login</arg>
<doc>Verifies that the current page title equals ``title``.</doc>
<msg timestamp="20231113 14:45:15.761" level="INFO">Page title is 'Login'.</msg>
<status status="PASS" starttime="20231113 14:45:15.758" endtime="20231113 14:45:15.761"/>
</kw>
<status status="PASS" starttime="20231113 14:45:15.758" endtime="20231113 14:45:15.761"/>
</kw>
<kw name="Login With Valid Credentials">
<arg>ka</arg>
<arg>kalle123</arg>
<kw name="Input Text" library="SeleniumLibrary">
<arg>username</arg>
<arg>${username}</arg>
<doc>Types the given ``text`` into the text field identified by ``locator``.</doc>
<msg timestamp="20231113 14:45:15.763" level="INFO">Typing text 'ka' into text field 'username'.</msg>
<status status="PASS" starttime="20231113 14:45:15.762" endtime="20231113 14:45:15.816"/>
</kw>
<kw name="Input Password" library="SeleniumLibrary">
<arg>password</arg>
<arg>${password}</arg>
<doc>Types the given password into the text field identified by ``locator``.</doc>
<msg timestamp="20231113 14:45:15.816" level="INFO">Typing password into text field 'password'.</msg>
<msg timestamp="20231113 14:45:15.840" level="INFO">Temporally setting log level to: NONE</msg>
<msg timestamp="20231113 14:45:15.871" level="INFO">Log level changed from NONE to INFO.</msg>
<status status="PASS" starttime="20231113 14:45:15.816" endtime="20231113 14:45:15.871"/>
</kw>
<kw name="Click Button" library="SeleniumLibrary">
<arg>Login</arg>
<doc>Clicks the button identified by ``locator``.</doc>
<msg timestamp="20231113 14:45:15.872" level="INFO">Clicking button 'Login'.</msg>
<status status="PASS" starttime="20231113 14:45:15.871" endtime="20231113 14:45:16.218"/>
</kw>
<status status="PASS" starttime="20231113 14:45:15.762" endtime="20231113 14:45:16.218"/>
</kw>
<kw name="Login Page Should Be Open" library="resource">
<kw name="Title Should Be" library="SeleniumLibrary">
<arg>Login</arg>
<doc>Verifies that the current page title equals ``title``.</doc>
<msg timestamp="20231113 14:45:16.222" level="INFO">Page title is 'Login'.</msg>
<status status="PASS" starttime="20231113 14:45:16.219" endtime="20231113 14:45:16.222"/>
</kw>
<status status="PASS" starttime="20231113 14:45:16.219" endtime="20231113 14:45:16.222"/>
</kw>
<status status="PASS" starttime="20231113 14:45:10.858" endtime="20231113 14:45:16.222"/>
</test>
<kw name="Close Browser" library="SeleniumLibrary" type="TEARDOWN">
<doc>Closes the current browser.</doc>
<status status="PASS" starttime="20231113 14:45:16.223" endtime="20231113 14:45:18.288"/>
</kw>
<status status="PASS" starttime="20231113 14:44:42.243" endtime="20231113 14:45:18.288"/>
</suite>
<status status="PASS" starttime="20231113 14:44:06.762" endtime="20231113 14:45:18.290"/>
</suite>
<statistics>
<total>
<stat pass="11" fail="0" skip="0">All Tests</stat>
</total>
<tag>
</tag>
<suite>
<stat pass="11" fail="0" skip="0" id="s1" name="Tests">Tests</stat>
<stat pass="2" fail="0" skip="0" id="s1-s1" name="Home">Tests.Home</stat>
<stat pass="3" fail="0" skip="0" id="s1-s2" name="Login">Tests.Login</stat>
<stat pass="6" fail="0" skip="0" id="s1-s3" name="Register">Tests.Register</stat>
</suite>
</statistics>
<errors>
</errors>
</robot>
